<?xml version="1.0" encoding="UTF-8"?>
<!-- Generated by org.testng.reporters.JUnitXMLReporter -->
<testsuite ignored="0" hostname="Snehals-MacBook-Pro.local" failures="0" tests="4" name="Default test" time="23.565" errors="0" timestamp="2025-03-13T12:42:41 IST">
  <testcase classname="orderModule.PurchaseOrderListenersTest" name="placeThePurchaseTest" time="8.675"/>
  <testcase classname="orderModule.PurchaseOrderListenersTest" name="placeThePurchaseTest" time="8.704"/>
  <testcase classname="orderModule.PurchaseOrderListenersTest" name="orderHistoryTest" time="0.299"/>
  <testcase classname="orderModule.PurchaseOrderListenersTest" name="orderHistoryTest" time="0.284"/>
</testsuite> <!-- Default test -->
