<?xml version="1.0" encoding="UTF-8"?>
<!-- Generated by org.testng.reporters.JUnitXMLReporter -->
<testsuite ignored="1" hostname="Snehals-MacBook-Pro.local" failures="1" tests="1" name="Error Validation Test" time="0.02" errors="0" timestamp="2025-03-12T11:00:50 IST">
  <testcase classname="orderModule.ErrorValidationTest" name="loginErrorValidation" time="0.01">
    <failure type="java.lang.NullPointerException" message="Cannot invoke &amp;quot;java.util.Properties.getProperty(String)&amp;quot; because &amp;quot;this.prop&amp;quot; is null">
      <![CDATA[java.lang.NullPointerException: Cannot invoke "java.util.Properties.getProperty(String)" because "this.prop" is null
at orderModule.ErrorValidationTest.loginErrorValidation(ErrorValidationTest.java:31)
at java.base/java.util.ArrayList.forEach(ArrayList.java:1511)
... Removed 27 stack frames]]>
    </failure>
  </testcase> <!-- loginErrorValidation -->
  <testcase classname="orderModule.ErrorValidationTest" name="productErrorValidation" time="0.0">
    <ignored/>
  </testcase> <!-- productErrorValidation -->
</testsuite> <!-- Error Validation Test -->
