<?xml version="1.0" encoding="UTF-8"?>
<!-- Generated by org.testng.reporters.JUnitXMLReporter -->
<testsuite ignored="1" hostname="Snehals-MacBook-Pro.local" failures="0" tests="1" name="Error Validation Test" time="1.818" errors="0" timestamp="2025-03-16T18:31:24 IST">
  <testcase classname="orderModule.ErrorValidationTest" name="loginErrorValidation" time="0.265"/>
  <testcase classname="orderModule.ErrorValidationTest" name="productErrorValidation" time="0.0">
    <ignored/>
  </testcase> <!-- productErrorValidation -->
</testsuite> <!-- Error Validation Test -->
