<?xml version="1.0" encoding="UTF-8"?>
<!-- Generated by org.testng.reporters.JUnitXMLReporter -->
<testsuite ignored="2" hostname="Snehals-MacBook-Pro.local" failures="0" tests="0" time="0.004" errors="0" timestamp="2025-03-12T11:59:43 IST">
  <testcase classname="orderModule.PlaceOrderTest" name="orderHistoryTest" time="0.0">
    <ignored/>
  </testcase> <!-- orderHistoryTest -->
  <testcase classname="orderModule.PlaceOrderTest" name="placeTheOrderTest" time="0.0">
    <ignored/>
  </testcase> <!-- placeTheOrderTest -->
</testsuite>
