<?xml version="1.0" encoding="UTF-8"?>
<!-- Generated by org.testng.reporters.JUnitXMLReporter -->
<testsuite ignored="0" hostname="Snehals-MacBook-Pro.local" failures="2" tests="2" name="PurchaseOrderListners" time="15.748" errors="0" timestamp="2025-03-13T12:25:45 IST">
  <testcase classname="orderModule.PurchaseOrderListenersTest" name="placeThePurchaseTest" time="8.706">
    <failure type="java.lang.AssertionError" message="THANKYOU FOR THE ORDER. expected:&amp;lt;THANKYOU FOR THE ORDER.&amp;gt; but was:&amp;lt;FAILED - While Validating the order confirmation msg&amp;gt;">
      <![CDATA[java.lang.AssertionError: THANKYOU FOR THE ORDER. expected:<THANKYOU FOR THE ORDER.> but was:<FAILED - While Validating the order confirmation msg>
at orderModule.PurchaseOrderListenersTest.placeThePurchaseTest(PurchaseOrderListenersTest.java:51)
at java.base/java.util.ArrayList.forEach(ArrayList.java:1511)
... Removed 28 stack frames]]>
    </failure>
  </testcase> <!-- placeThePurchaseTest -->
  <testcase classname="orderModule.PurchaseOrderListenersTest" name="placeThePurchaseTest" time="15.739">
    <failure type="java.lang.IllegalArgumentException" message="ScreenCapture path must not be null or empty">
      <![CDATA[java.lang.IllegalArgumentException: ScreenCapture path must not be null or empty
at com.aventstack.extentreports.util.Assert.notEmpty(Assert.java:12)
at com.aventstack.extentreports.ExtentTest.addScreenCaptureFromPath(ExtentTest.java:1074)
at testComponents.Listeners.onTestFailure(Listeners.java:63)
at java.base/java.util.ArrayList.forEach(ArrayList.java:1511)
... Removed 24 stack frames]]>
    </failure>
  </testcase> <!-- placeThePurchaseTest -->
</testsuite> <!-- PurchaseOrderListners -->
