<?xml version="1.0" encoding="UTF-8"?>
<!-- Generated by org.testng.reporters.JUnitXMLReporter -->
<testsuite ignored="1" hostname="Snehals-MacBook-Pro.local" failures="0" tests="2" name="Purchase Order Test" time="21.319" errors="0" timestamp="2025-03-12T20:07:44 IST">
  <testcase classname="orderModule.PurchaseOrderDataProviderTest" name="placeThePurchaseTest" time="8.734"/>
  <testcase classname="orderModule.PurchaseOrderDataProviderTest" name="placeThePurchaseTest" time="8.757"/>
  <testcase classname="orderModule.PurchaseOrderDataProviderTest" name="orderHistoryTest" time="0.0">
    <ignored/>
  </testcase> <!-- orderHistoryTest -->
</testsuite> <!-- Purchase Order Test -->
