<?xml version="1.0" encoding="UTF-8"?>
<testng-results ignored="0" total="4" passed="4" failed="0" skipped="0">
  <reporter-output>
  </reporter-output>
  <suite started-at="2025-03-16T16:57:50 IST" name="PlaceOrder" finished-at="2025-03-16T16:58:20 IST" duration-ms="29628">
    <groups>
      <group name="ErrorHandling">
        <method signature="ErrorValidationTest.loginErrorValidation()[pri:0, instance:orderModule.ErrorValidationTest@1817d444]" name="loginErrorValidation" class="orderModule.ErrorValidationTest"/>
      </group> <!-- ErrorHandling -->
    </groups>
    <test started-at="2025-03-16T16:57:50 IST" name="Error Validation Test" finished-at="2025-03-16T16:58:12 IST" duration-ms="22544">
      <class name="orderModule.ErrorValidationTest">
        <test-method is-config="true" signature="setUp()[pri:0, instance:orderModule.ErrorValidationTest@1817d444]" started-at="2025-03-16T16:57:50 IST" name="setUp" finished-at="2025-03-16T16:57:50 IST" duration-ms="4" status="PASS">
          <reporter-output>
          </reporter-output>
        </test-method> <!-- setUp -->
        <test-method is-config="true" signature="launchApplication()[pri:0, instance:orderModule.ErrorValidationTest@1817d444]" started-at="2025-03-16T16:57:50 IST" name="launchApplication" finished-at="2025-03-16T16:57:53 IST" duration-ms="3183" status="PASS">
          <reporter-output>
          </reporter-output>
        </test-method> <!-- launchApplication -->
        <test-method signature="loginErrorValidation()[pri:0, instance:orderModule.ErrorValidationTest@1817d444]" started-at="2025-03-16T16:57:53 IST" name="loginErrorValidation" finished-at="2025-03-16T16:57:54 IST" duration-ms="811" status="PASS">
          <reporter-output>
          </reporter-output>
        </test-method> <!-- loginErrorValidation -->
        <test-method is-config="true" signature="tearDown()[pri:0, instance:orderModule.ErrorValidationTest@1817d444]" started-at="2025-03-16T16:57:54 IST" name="tearDown" finished-at="2025-03-16T16:57:54 IST" duration-ms="142" status="PASS">
          <reporter-output>
          </reporter-output>
        </test-method> <!-- tearDown -->
        <test-method is-config="true" signature="launchApplication()[pri:0, instance:orderModule.ErrorValidationTest@1817d444]" started-at="2025-03-16T16:57:54 IST" name="launchApplication" finished-at="2025-03-16T16:57:57 IST" duration-ms="2478" status="PASS">
          <reporter-output>
          </reporter-output>
        </test-method> <!-- launchApplication -->
        <test-method signature="productErrorValidation()[pri:0, instance:orderModule.ErrorValidationTest@1817d444]" started-at="2025-03-16T16:57:57 IST" name="productErrorValidation" finished-at="2025-03-16T16:58:12 IST" duration-ms="15802" status="PASS">
          <reporter-output>
          </reporter-output>
        </test-method> <!-- productErrorValidation -->
        <test-method is-config="true" signature="tearDown()[pri:0, instance:orderModule.ErrorValidationTest@1817d444]" started-at="2025-03-16T16:58:12 IST" name="tearDown" finished-at="2025-03-16T16:58:12 IST" duration-ms="110" status="PASS">
          <reporter-output>
          </reporter-output>
        </test-method> <!-- tearDown -->
      </class> <!-- orderModule.ErrorValidationTest -->
    </test> <!-- Error Validation Test -->
    <test started-at="2025-03-16T16:57:50 IST" name="Submit Order Test" finished-at="2025-03-16T16:58:20 IST" duration-ms="29628">
      <class name="orderModule.PlaceOrderTest">
        <test-method is-config="true" signature="setUp()[pri:0, instance:orderModule.PlaceOrderTest@7adda9cc]" started-at="2025-03-16T16:57:50 IST" name="setUp" finished-at="2025-03-16T16:57:50 IST" duration-ms="4" status="PASS">
          <reporter-output>
          </reporter-output>
        </test-method> <!-- setUp -->
        <test-method is-config="true" signature="launchApplication()[pri:0, instance:orderModule.PlaceOrderTest@7adda9cc]" started-at="2025-03-16T16:57:50 IST" name="launchApplication" finished-at="2025-03-16T16:57:53 IST" duration-ms="3181" status="PASS">
          <reporter-output>
          </reporter-output>
        </test-method> <!-- launchApplication -->
        <test-method signature="placeTheOrderTest()[pri:1, instance:orderModule.PlaceOrderTest@7adda9cc]" started-at="2025-03-16T16:57:53 IST" name="placeTheOrderTest" finished-at="2025-03-16T16:58:18 IST" duration-ms="24506" status="PASS">
          <reporter-output>
          </reporter-output>
        </test-method> <!-- placeTheOrderTest -->
        <test-method is-config="true" signature="tearDown()[pri:0, instance:orderModule.PlaceOrderTest@7adda9cc]" started-at="2025-03-16T16:58:18 IST" name="tearDown" finished-at="2025-03-16T16:58:18 IST" duration-ms="82" status="PASS">
          <reporter-output>
          </reporter-output>
        </test-method> <!-- tearDown -->
        <test-method is-config="true" signature="launchApplication()[pri:0, instance:orderModule.PlaceOrderTest@7adda9cc]" started-at="2025-03-16T16:58:18 IST" name="launchApplication" finished-at="2025-03-16T16:58:19 IST" duration-ms="1394" status="PASS">
          <reporter-output>
          </reporter-output>
        </test-method> <!-- launchApplication -->
        <test-method signature="orderHistoryTest()[pri:0, instance:orderModule.PlaceOrderTest@7adda9cc]" started-at="2025-03-16T16:58:19 IST" name="orderHistoryTest" finished-at="2025-03-16T16:58:19 IST" depends-on-methods="orderModule.PlaceOrderTest.placeTheOrderTest" duration-ms="327" status="PASS">
          <reporter-output>
          </reporter-output>
        </test-method> <!-- orderHistoryTest -->
        <test-method is-config="true" signature="tearDown()[pri:0, instance:orderModule.PlaceOrderTest@7adda9cc]" started-at="2025-03-16T16:58:19 IST" name="tearDown" finished-at="2025-03-16T16:58:20 IST" duration-ms="121" status="PASS">
          <reporter-output>
          </reporter-output>
        </test-method> <!-- tearDown -->
      </class> <!-- orderModule.PlaceOrderTest -->
    </test> <!-- Submit Order Test -->
  </suite> <!-- PlaceOrder -->
</testng-results>
