<?xml version="1.0" encoding="UTF-8"?>
<testng-results ignored="3" total="4" passed="1" failed="0" skipped="0">
  <reporter-output>
  </reporter-output>
  <suite started-at="2025-03-16T18:31:22 IST" name="PlaceOrder" finished-at="2025-03-16T18:31:24 IST" duration-ms="1846">
    <groups>
      <group name="ErrorHandling">
        <method signature="ErrorValidationTest.loginErrorValidation()[pri:0, instance:orderModule.ErrorValidationTest@3d74bf60]" name="loginErrorValidation" class="orderModule.ErrorValidationTest"/>
      </group> <!-- ErrorHandling -->
    </groups>
    <test started-at="2025-03-16T18:31:22 IST" name="Submit Order Test" finished-at="2025-03-16T18:31:22 IST" duration-ms="6">
      <class name="orderModule.PlaceOrderTest">
        <test-method is-config="true" signature="setUp()[pri:0, instance:orderModule.PlaceOrderTest@7880cdf3]" started-at="2025-03-16T18:31:22 IST" name="setUp" finished-at="2025-03-16T18:31:22 IST" duration-ms="3" status="PASS">
          <reporter-output>
          </reporter-output>
        </test-method> <!-- setUp -->
      </class> <!-- orderModule.PlaceOrderTest -->
    </test> <!-- Submit Order Test -->
    <test started-at="2025-03-16T18:31:22 IST" name="Error Validation Test" finished-at="2025-03-16T18:31:24 IST" duration-ms="1818">
      <class name="orderModule.ErrorValidationTest">
        <test-method is-config="true" signature="setUp()[pri:0, instance:orderModule.ErrorValidationTest@3d74bf60]" started-at="2025-03-16T18:31:22 IST" name="setUp" finished-at="2025-03-16T18:31:22 IST" duration-ms="1" status="PASS">
          <reporter-output>
          </reporter-output>
        </test-method> <!-- setUp -->
        <test-method is-config="true" signature="launchApplication()[pri:0, instance:orderModule.ErrorValidationTest@3d74bf60]" started-at="2025-03-16T18:31:22 IST" name="launchApplication" finished-at="2025-03-16T18:31:23 IST" duration-ms="1432" status="PASS">
          <reporter-output>
          </reporter-output>
        </test-method> <!-- launchApplication -->
        <test-method signature="loginErrorValidation()[pri:0, instance:orderModule.ErrorValidationTest@3d74bf60]" started-at="2025-03-16T18:31:23 IST" name="loginErrorValidation" finished-at="2025-03-16T18:31:24 IST" duration-ms="265" status="PASS">
          <reporter-output>
          </reporter-output>
        </test-method> <!-- loginErrorValidation -->
        <test-method is-config="true" signature="tearDown()[pri:0, instance:orderModule.ErrorValidationTest@3d74bf60]" started-at="2025-03-16T18:31:24 IST" name="tearDown" finished-at="2025-03-16T18:31:24 IST" duration-ms="113" status="PASS">
          <reporter-output>
          </reporter-output>
        </test-method> <!-- tearDown -->
      </class> <!-- orderModule.ErrorValidationTest -->
    </test> <!-- Error Validation Test -->
  </suite> <!-- PlaceOrder -->
</testng-results>
