<?xml version="1.0" encoding="UTF-8"?>
<!-- Generated by org.testng.reporters.JUnitXMLReporter -->
<testsuite ignored="0" hostname="Snehals-MacBook-Pro.local" failures="0" tests="2" name="Error Validation Test" time="22.544" errors="0" timestamp="2025-03-16T16:58:13 IST">
  <testcase classname="orderModule.ErrorValidationTest" name="loginErrorValidation" time="0.811"/>
  <testcase classname="orderModule.ErrorValidationTest" name="productErrorValidation" time="15.802"/>
</testsuite> <!-- Error Validation Test -->
